<?xml version="1.0" encoding="UTF-8"?>
<!-- Generated by org.testng.reporters.JUnitReportReporter -->
<testsuite hostname="RBKO-LP-0077" failures="0" tests="1" name="tests.NewTest" time="67.173" errors="0" timestamp="10 May 2022 19:48:32 GMT" skipped="0">
  <testcase classname="tests.NewTest" name="f" time="67.173"/>
</testsuite> <!-- tests.NewTest -->
