<?xml version="1.0" encoding="UTF-8"?>
<!-- Generated by org.testng.reporters.JUnitReportReporter -->
<testsuite hostname="RBKO-LP-0077" failures="0" tests="1" name="tests.NewTest" time="88.381" errors="0" timestamp="11 May 2022 08:07:35 GMT" skipped="0">
  <testcase classname="tests.NewTest" name="f" time="88.381"/>
</testsuite> <!-- tests.NewTest -->
