<?xml version="1.0" encoding="UTF-8"?>
<!-- Generated by org.testng.reporters.JUnitReportReporter -->
<testsuite hostname="RBKO-LP-0077" failures="0" tests="1" name="tests.NewTest" time="81.291" errors="0" timestamp="13 May 2022 14:31:03 GMT" skipped="0">
  <testcase classname="tests.NewTest" name="fnAddProductToCart" time="81.291"/>
</testsuite> <!-- tests.NewTest -->
