<?xml version="1.0" encoding="UTF-8"?>
<!-- Generated by org.testng.reporters.JUnitReportReporter -->
<testsuite hostname="RBKO-LP-0077" failures="0" tests="1" name="tests.NewTest" time="97.808" errors="0" timestamp="11 May 2022 09:40:27 GMT" skipped="0">
  <testcase classname="tests.NewTest" name="f" time="97.808"/>
</testsuite> <!-- tests.NewTest -->
