<?xml version="1.0" encoding="UTF-8"?>
<!-- Generated by org.testng.reporters.JUnitReportReporter -->
<testsuite hostname="RBKO-LP-0077" failures="0" tests="1" name="tests.NewTest" time="76.802" errors="0" timestamp="14 May 2022 04:14:56 GMT" skipped="0">
  <testcase classname="tests.NewTest" name="fnAddProductToCart" time="76.802"/>
</testsuite> <!-- tests.NewTest -->
